0 info it worked if it ends with ok
1 verbose cli [ 'node', '/Users/ottokovarik/.nvm/v0.10.28/bin/npm', 'start' ]
2 info using npm@2.1.10
3 info using node@v0.10.28
4 verbose run-script [ 'prestart', 'start', 'poststart' ]
5 info prestart closure-sandbox@1.1.0
6 info start closure-sandbox@1.1.0
7 verbose unsafe-perm in lifecycle true
8 info closure-sandbox@1.1.0 Failed to exec start script
9 verbose stack Error: closure-sandbox@1.1.0 start: `gulp watch serve`
9 verbose stack Exit status 8
9 verbose stack     at EventEmitter.<anonymous> (/Users/ottokovarik/.nvm/v0.10.28/lib/node_modules/npm/lib/utils/lifecycle.js:212:16)
9 verbose stack     at EventEmitter.emit (events.js:98:17)
9 verbose stack     at ChildProcess.<anonymous> (/Users/ottokovarik/.nvm/v0.10.28/lib/node_modules/npm/lib/utils/spawn.js:14:12)
9 verbose stack     at ChildProcess.EventEmitter.emit (events.js:98:17)
9 verbose stack     at maybeClose (child_process.js:753:16)
9 verbose stack     at Process.ChildProcess._handle.onexit (child_process.js:820:5)
10 verbose pkgid closure-sandbox@1.1.0
11 verbose cwd /private/var/www/arch-system
12 error Darwin 14.3.0
13 error argv "node" "/Users/ottokovarik/.nvm/v0.10.28/bin/npm" "start"
14 error node v0.10.28
15 error npm  v2.1.10
16 error code ELIFECYCLE
17 error closure-sandbox@1.1.0 start: `gulp watch serve`
17 error Exit status 8
18 error Failed at the closure-sandbox@1.1.0 start script 'gulp watch serve'.
18 error This is most likely a problem with the closure-sandbox package,
18 error not with npm itself.
18 error Tell the author that this fails on your system:
18 error     gulp watch serve
18 error You can get their info via:
18 error     npm owner ls closure-sandbox
18 error There is likely additional logging output above.
19 verbose exit [ 1, true ]
